Hash: 55dd6fd6e4f1129442d6
Version: webpack 1.12.11
Time: 12664ms
    Asset     Size  Chunks             Chunk Names
bundle.js  1.08 MB       0  [emitted]  main
    + 264 hidden modules
Hash: ebf034eb8a1600d207d3
Version: webpack 1.12.11
Time: 7755ms
    Asset     Size  Chunks             Chunk Names
bundle.js  1.08 MB       0  [emitted]  main
    + 264 hidden modules
Hash: 55dd6fd6e4f1129442d6
Version: webpack 1.12.11
Time: 372ms
    Asset     Size  Chunks             Chunk Names
bundle.js  1.08 MB       0  [emitted]  main
    + 264 hidden modules
Hash: ebf034eb8a1600d207d3
Version: webpack 1.12.11
Time: 316ms
    Asset     Size  Chunks             Chunk Names
bundle.js  1.08 MB       0  [emitted]  main
    + 264 hidden modules
Hash: 55dd6fd6e4f1129442d6
Version: webpack 1.12.11
Time: 275ms
    Asset     Size  Chunks             Chunk Names
bundle.js  1.08 MB       0  [emitted]  main
    + 264 hidden modules
Hash: ebf034eb8a1600d207d3
Version: webpack 1.12.11
Time: 298ms
    Asset     Size  Chunks             Chunk Names
bundle.js  1.08 MB       0  [emitted]  main
    + 264 hidden modules
Hash: 55dd6fd6e4f1129442d6
Version: webpack 1.12.11
Time: 347ms
    Asset     Size  Chunks             Chunk Names
bundle.js  1.08 MB       0  [emitted]  main
    + 264 hidden modules
